2014-05-19 17:09:21.186 HelloCordova[43485:70b] Multi-tasking -> Device: YES, App: YES
2014-05-19 17:09:21.193 HelloCordova[43485:70b] Unlimited access to network resources
2014-05-19 17:09:21.210 HelloCordova[43485:70b] [CDVTimer][keyboard] 0.091016ms
2014-05-19 17:09:21.210 HelloCordova[43485:70b] CDVPlugin class CDVStatusBar (pluginName: statusbar) does not exist.
2014-05-19 17:09:21.210 HelloCordova[43485:70b] [CDVTimer][statusbar] 0.353992ms
2014-05-19 17:09:21.211 HelloCordova[43485:70b] [CDVTimer][TotalPluginStartup] 1.182973ms
2014-05-19 17:09:21.283 HelloCordova[43485:70b] Resetting plugins due to page load.
2014-05-19 17:09:21.380 HelloCordova[43485:70b] Finished load of: file:///Users/ray/Library/Application%20Support/iPhone%20Simulator/7.1/Applications/2D8835DB-6293-48C4-971C-07A4503163B4/HelloCordova.app/www/index.html
2014-05-19 17:10:35.480 HelloCordova[43715:70b] Multi-tasking -> Device: YES, App: YES
2014-05-19 17:10:35.486 HelloCordova[43715:70b] Unlimited access to network resources
2014-05-19 17:10:35.501 HelloCordova[43715:70b] [CDVTimer][keyboard] 0.057042ms
2014-05-19 17:10:35.502 HelloCordova[43715:70b] CDVPlugin class CDVStatusBar (pluginName: statusbar) does not exist.
2014-05-19 17:10:35.502 HelloCordova[43715:70b] [CDVTimer][statusbar] 0.311017ms
2014-05-19 17:10:35.502 HelloCordova[43715:70b] [CDVTimer][TotalPluginStartup] 1.055002ms
2014-05-19 17:10:35.533 HelloCordova[43715:70b] Resetting plugins due to page load.
2014-05-19 17:10:35.609 HelloCordova[43715:70b] Finished load of: file:///Users/ray/Library/Application%20Support/iPhone%20Simulator/7.1/Applications/2D8835DB-6293-48C4-971C-07A4503163B4/HelloCordova.app/www/index.html
2014-05-19 17:10:55.970 HelloCordova[43715:70b] Received memory warning.
2014-05-19 17:11:23.755 HelloCordova[43999:70b] Multi-tasking -> Device: YES, App: YES
2014-05-19 17:11:23.766 HelloCordova[43999:70b] Unlimited access to network resources
2014-05-19 17:11:23.791 HelloCordova[43999:70b] [CDVTimer][keyboard] 0.119030ms
2014-05-19 17:11:23.792 HelloCordova[43999:70b] CDVPlugin class CDVStatusBar (pluginName: statusbar) does not exist.
2014-05-19 17:11:23.792 HelloCordova[43999:70b] [CDVTimer][statusbar] 0.598013ms
2014-05-19 17:11:23.793 HelloCordova[43999:70b] [CDVTimer][TotalPluginStartup] 2.058029ms
2014-05-19 17:11:23.942 HelloCordova[43999:70b] Resetting plugins due to page load.
2014-05-19 17:11:24.088 HelloCordova[43999:70b] Finished load of: file:///Users/ray/Library/Application%20Support/iPhone%20Simulator/7.1/Applications/2D8835DB-6293-48C4-971C-07A4503163B4/HelloCordova.app/www/index.html
2014-05-19 17:12:01.098 HelloCordova[43999:70b] Resetting plugins due to page load.
2014-05-19 17:12:01.254 HelloCordova[43999:70b] Finished load of: file:///Users/ray/Library/Application%20Support/iPhone%20Simulator/7.1/Applications/2D8835DB-6293-48C4-971C-07A4503163B4/HelloCordova.app/www/index.html
2014-05-19 17:12:39.472 HelloCordova[44229:70b] Multi-tasking -> Device: YES, App: YES
2014-05-19 17:12:39.480 HelloCordova[44229:70b] Unlimited access to network resources
2014-05-19 17:12:39.495 HelloCordova[44229:70b] [CDVTimer][keyboard] 0.061035ms
2014-05-19 17:12:39.496 HelloCordova[44229:70b] CDVPlugin class CDVStatusBar (pluginName: statusbar) does not exist.
2014-05-19 17:12:39.496 HelloCordova[44229:70b] [CDVTimer][statusbar] 0.317037ms
2014-05-19 17:12:39.497 HelloCordova[44229:70b] [CDVTimer][TotalPluginStartup] 1.125991ms
2014-05-19 17:12:39.530 HelloCordova[44229:70b] Resetting plugins due to page load.
2014-05-19 17:12:39.687 HelloCordova[44229:70b] Finished load of: file:///Users/ray/Library/Application%20Support/iPhone%20Simulator/7.1/Applications/2D8835DB-6293-48C4-971C-07A4503163B4/HelloCordova.app/www/index.html
2014-05-19 17:12:58.320 HelloCordova[44229:70b] Resetting plugins due to page load.
2014-05-19 17:12:58.617 HelloCordova[44229:70b] Finished load of: file:///Users/ray/Library/Application%20Support/iPhone%20Simulator/7.1/Applications/2D8835DB-6293-48C4-971C-07A4503163B4/HelloCordova.app/www/index.html
2014-05-19 17:13:56.918 HelloCordova[44451:70b] Multi-tasking -> Device: YES, App: YES
2014-05-19 17:13:56.924 HelloCordova[44451:70b] Unlimited access to network resources
2014-05-19 17:13:56.941 HelloCordova[44451:70b] [CDVTimer][keyboard] 0.065029ms
2014-05-19 17:13:56.941 HelloCordova[44451:70b] CDVPlugin class CDVStatusBar (pluginName: statusbar) does not exist.
2014-05-19 17:13:56.942 HelloCordova[44451:70b] [CDVTimer][statusbar] 0.374019ms
2014-05-19 17:13:56.942 HelloCordova[44451:70b] [CDVTimer][TotalPluginStartup] 1.224995ms
2014-05-19 17:13:56.980 HelloCordova[44451:70b] Resetting plugins due to page load.
2014-05-19 17:13:57.127 HelloCordova[44451:70b] Finished load of: file:///Users/ray/Library/Application%20Support/iPhone%20Simulator/7.1/Applications/2D8835DB-6293-48C4-971C-07A4503163B4/HelloCordova.app/www/index.html
2014-05-19 17:14:28.808 HelloCordova[44451:70b] Resetting plugins due to page load.
2014-05-19 17:14:29.020 HelloCordova[44451:70b] Finished load of: file:///Users/ray/Library/Application%20Support/iPhone%20Simulator/7.1/Applications/2D8835DB-6293-48C4-971C-07A4503163B4/HelloCordova.app/www/index.html
2014-05-19 17:14:48.569 HelloCordova[44653:70b] Multi-tasking -> Device: YES, App: YES
2014-05-19 17:14:48.576 HelloCordova[44653:70b] Unlimited access to network resources
2014-05-19 17:14:48.591 HelloCordova[44653:70b] [CDVTimer][keyboard] 0.059009ms
2014-05-19 17:14:48.591 HelloCordova[44653:70b] CDVPlugin class CDVStatusBar (pluginName: statusbar) does not exist.
2014-05-19 17:14:48.592 HelloCordova[44653:70b] [CDVTimer][statusbar] 0.389993ms
2014-05-19 17:14:48.592 HelloCordova[44653:70b] [CDVTimer][TotalPluginStartup] 1.212001ms
2014-05-19 17:14:48.625 HelloCordova[44653:70b] Resetting plugins due to page load.
2014-05-19 17:14:48.763 HelloCordova[44653:70b] Finished load of: file:///Users/ray/Library/Application%20Support/iPhone%20Simulator/7.1/Applications/2D8835DB-6293-48C4-971C-07A4503163B4/HelloCordova.app/www/index.html
2014-05-19 17:15:32.303 HelloCordova[44846:70b] Multi-tasking -> Device: YES, App: YES
2014-05-19 17:15:32.309 HelloCordova[44846:70b] Unlimited access to network resources
2014-05-19 17:15:32.327 HelloCordova[44846:70b] [CDVTimer][keyboard] 0.060976ms
2014-05-19 17:15:32.327 HelloCordova[44846:70b] CDVPlugin class CDVStatusBar (pluginName: statusbar) does not exist.
2014-05-19 17:15:32.328 HelloCordova[44846:70b] [CDVTimer][statusbar] 0.338018ms
2014-05-19 17:15:32.328 HelloCordova[44846:70b] [CDVTimer][TotalPluginStartup] 1.151025ms
2014-05-19 17:15:32.365 HelloCordova[44846:70b] Resetting plugins due to page load.
2014-05-19 17:15:32.505 HelloCordova[44846:70b] Finished load of: file:///Users/ray/Library/Application%20Support/iPhone%20Simulator/7.1/Applications/2D8835DB-6293-48C4-971C-07A4503163B4/HelloCordova.app/www/index.html
2014-05-19 17:16:04.195 HelloCordova[45034:70b] Multi-tasking -> Device: YES, App: YES
2014-05-19 17:16:04.201 HelloCordova[45034:70b] Unlimited access to network resources
2014-05-19 17:16:04.216 HelloCordova[45034:70b] [CDVTimer][keyboard] 0.059962ms
2014-05-19 17:16:04.217 HelloCordova[45034:70b] CDVPlugin class CDVStatusBar (pluginName: statusbar) does not exist.
2014-05-19 17:16:04.217 HelloCordova[45034:70b] [CDVTimer][statusbar] 0.404000ms
2014-05-19 17:16:04.217 HelloCordova[45034:70b] [CDVTimer][TotalPluginStartup] 1.251996ms
2014-05-19 17:16:04.262 HelloCordova[45034:70b] Resetting plugins due to page load.
2014-05-19 17:16:04.422 HelloCordova[45034:70b] Finished load of: file:///Users/ray/Library/Application%20Support/iPhone%20Simulator/7.1/Applications/2D8835DB-6293-48C4-971C-07A4503163B4/HelloCordova.app/www/index.html
2014-05-19 17:16:08.941 HelloCordova[45034:70b] [1,2,3,"R"]
2014-05-19 17:16:15.627 HelloCordova[45034:70b] Resetting plugins due to page load.
2014-05-19 17:16:15.848 HelloCordova[45034:70b] Finished load of: file:///Users/ray/Library/Application%20Support/iPhone%20Simulator/7.1/Applications/2D8835DB-6293-48C4-971C-07A4503163B4/HelloCordova.app/www/index.html
2014-05-19 17:16:18.671 HelloCordova[45034:70b] [1,2,3,"R"]
2014-05-19 17:16:21.864 HelloCordova[45034:70b] [1,2,3,"R","R"]
2014-05-19 17:16:23.942 HelloCordova[45034:70b] [1,2,3,"R","R","R"]
2014-05-19 17:16:42.749 HelloCordova[45223:70b] Multi-tasking -> Device: YES, App: YES
2014-05-19 17:16:42.754 HelloCordova[45223:70b] Unlimited access to network resources
2014-05-19 17:16:42.768 HelloCordova[45223:70b] [CDVTimer][keyboard] 0.056982ms
2014-05-19 17:16:42.769 HelloCordova[45223:70b] CDVPlugin class CDVStatusBar (pluginName: statusbar) does not exist.
2014-05-19 17:16:42.769 HelloCordova[45223:70b] [CDVTimer][statusbar] 0.323951ms
2014-05-19 17:16:42.769 HelloCordova[45223:70b] [CDVTimer][TotalPluginStartup] 1.067996ms
2014-05-19 17:16:42.801 HelloCordova[45223:70b] Resetting plugins due to page load.
2014-05-19 17:16:42.939 HelloCordova[45223:70b] Finished load of: file:///Users/ray/Library/Application%20Support/iPhone%20Simulator/7.1/Applications/2D8835DB-6293-48C4-971C-07A4503163B4/HelloCordova.app/www/index.html
2014-05-19 17:16:48.456 HelloCordova[45223:70b] [1,2,3,4]
2014-05-19 17:16:54.587 HelloCordova[45223:70b] [1,2,3,4,5]
2014-05-19 17:16:56.321 HelloCordova[45223:70b] [1,2,3,4,5,6]
2014-05-19 17:16:57.495 HelloCordova[45223:70b] [1,2,3,4,5,6,7]
2014-05-19 17:18:11.462 HelloCordova[45458:70b] Multi-tasking -> Device: YES, App: YES
2014-05-19 17:18:11.468 HelloCordova[45458:70b] Unlimited access to network resources
2014-05-19 17:18:11.483 HelloCordova[45458:70b] [CDVTimer][keyboard] 0.060022ms
2014-05-19 17:18:11.483 HelloCordova[45458:70b] CDVPlugin class CDVStatusBar (pluginName: statusbar) does not exist.
2014-05-19 17:18:11.483 HelloCordova[45458:70b] [CDVTimer][statusbar] 0.309050ms
2014-05-19 17:18:11.484 HelloCordova[45458:70b] [CDVTimer][TotalPluginStartup] 1.056015ms
2014-05-19 17:18:11.526 HelloCordova[45458:70b] Resetting plugins due to page load.
2014-05-19 17:18:11.714 HelloCordova[45458:70b] Finished load of: file:///Users/ray/Library/Application%20Support/iPhone%20Simulator/7.1/Applications/2D8835DB-6293-48C4-971C-07A4503163B4/HelloCordova.app/www/index.html
2014-05-19 17:18:20.527 HelloCordova[45458:70b] Resetting plugins due to page load.
2014-05-19 17:18:20.757 HelloCordova[45458:70b] Finished load of: file:///Users/ray/Library/Application%20Support/iPhone%20Simulator/7.1/Applications/2D8835DB-6293-48C4-971C-07A4503163B4/HelloCordova.app/www/index.html
2014-05-19 17:18:49.877 HelloCordova[45652:70b] Multi-tasking -> Device: YES, App: YES
2014-05-19 17:18:49.886 HelloCordova[45652:70b] Unlimited access to network resources
2014-05-19 17:18:49.904 HelloCordova[45652:70b] [CDVTimer][keyboard] 0.099003ms
2014-05-19 17:18:49.904 HelloCordova[45652:70b] CDVPlugin class CDVStatusBar (pluginName: statusbar) does not exist.
2014-05-19 17:18:49.905 HelloCordova[45652:70b] [CDVTimer][statusbar] 0.527024ms
2014-05-19 17:18:49.905 HelloCordova[45652:70b] [CDVTimer][TotalPluginStartup] 1.616955ms
2014-05-19 17:18:49.946 HelloCordova[45652:70b] Resetting plugins due to page load.
2014-05-19 17:18:50.115 HelloCordova[45652:70b] Finished load of: file:///Users/ray/Library/Application%20Support/iPhone%20Simulator/7.1/Applications/2D8835DB-6293-48C4-971C-07A4503163B4/HelloCordova.app/www/index.html
2014-05-19 17:20:10.964 HelloCordova[45880:70b] Multi-tasking -> Device: YES, App: YES
2014-05-19 17:20:10.970 HelloCordova[45880:70b] Unlimited access to network resources
2014-05-19 17:20:10.985 HelloCordova[45880:70b] [CDVTimer][keyboard] 0.061989ms
2014-05-19 17:20:10.986 HelloCordova[45880:70b] CDVPlugin class CDVStatusBar (pluginName: statusbar) does not exist.
2014-05-19 17:20:10.986 HelloCordova[45880:70b] [CDVTimer][statusbar] 0.438035ms
2014-05-19 17:20:10.987 HelloCordova[45880:70b] [CDVTimer][TotalPluginStartup] 1.291990ms
2014-05-19 17:20:11.044 HelloCordova[45880:70b] Resetting plugins due to page load.
2014-05-19 17:20:11.194 HelloCordova[45880:70b] Finished load of: file:///Users/ray/Library/Application%20Support/iPhone%20Simulator/7.1/Applications/2D8835DB-6293-48C4-971C-07A4503163B4/HelloCordova.app/www/index.html
2014-05-19 17:32:35.495 HelloCordova[46666:70b] Multi-tasking -> Device: YES, App: YES
2014-05-19 17:32:35.501 HelloCordova[46666:70b] Unlimited access to network resources
2014-05-19 17:32:35.518 HelloCordova[46666:70b] [CDVTimer][keyboard] 0.059962ms
2014-05-19 17:32:35.519 HelloCordova[46666:70b] CDVPlugin class CDVStatusBar (pluginName: statusbar) does not exist.
2014-05-19 17:32:35.519 HelloCordova[46666:70b] [CDVTimer][statusbar] 0.411034ms
2014-05-19 17:32:35.519 HelloCordova[46666:70b] [CDVTimer][TotalPluginStartup] 1.303017ms
2014-05-19 17:32:35.590 HelloCordova[46666:70b] Resetting plugins due to page load.
2014-05-19 17:32:35.730 HelloCordova[46666:70b] Finished load of: file:///Users/ray/Library/Application%20Support/iPhone%20Simulator/7.1/Applications/2D8835DB-6293-48C4-971C-07A4503163B4/HelloCordova.app/www/index.html
2014-05-19 17:32:41.870 HelloCordova[46828:70b] Multi-tasking -> Device: YES, App: YES
2014-05-19 17:32:41.876 HelloCordova[46828:70b] Unlimited access to network resources
2014-05-19 17:32:41.891 HelloCordova[46828:70b] [CDVTimer][keyboard] 0.068009ms
2014-05-19 17:32:41.891 HelloCordova[46828:70b] CDVPlugin class CDVStatusBar (pluginName: statusbar) does not exist.
2014-05-19 17:32:41.892 HelloCordova[46828:70b] [CDVTimer][statusbar] 0.339985ms
2014-05-19 17:32:41.892 HelloCordova[46828:70b] [CDVTimer][TotalPluginStartup] 1.232982ms
2014-05-19 17:32:41.926 HelloCordova[46828:70b] Resetting plugins due to page load.
2014-05-19 17:32:42.084 HelloCordova[46828:70b] Finished load of: file:///Users/ray/Library/Application%20Support/iPhone%20Simulator/7.1/Applications/2D8835DB-6293-48C4-971C-07A4503163B4/HelloCordova.app/www/index.html
2015-04-22 06:39:15.931 HelloCordova[61658:70b] Multi-tasking -> Device: YES, App: YES
2015-04-22 06:39:15.946 HelloCordova[61658:70b] Unlimited access to network resources
2015-04-22 06:39:16.048 HelloCordova[61658:70b] [CDVTimer][keyboard] 0.052989ms
2015-04-22 06:39:16.049 HelloCordova[61658:70b] [CDVTimer][TotalPluginStartup] 0.397980ms
2015-04-22 06:39:16.178 HelloCordova[61658:70b] Resetting plugins due to page load.
2015-04-22 06:39:16.489 HelloCordova[61658:70b] Finished load of: file:///Users/raymondcamden/Library/Developer/CoreSimulator/Devices/AE3C7841-D4D2-46EE-B232-908AAAD3EDA5/data/Applications/DBB7143B-8487-4C21-A71C-B9F5309B8B27/HelloCordova.app/www/index.html
2015-04-22 11:33:42.152 HelloCordova[4234:70b] Multi-tasking -> Device: YES, App: YES
2015-04-22 11:33:42.164 HelloCordova[4234:70b] Unlimited access to network resources
2015-04-22 11:33:42.271 HelloCordova[4234:70b] [CDVTimer][keyboard] 0.078976ms
2015-04-22 11:33:42.272 HelloCordova[4234:70b] [CDVTimer][TotalPluginStartup] 0.647008ms
2015-04-22 11:33:42.389 HelloCordova[4234:70b] Resetting plugins due to page load.
2015-04-22 11:33:42.619 HelloCordova[4234:70b] Finished load of: file:///Users/raymondcamden/Library/Developer/CoreSimulator/Devices/AE3C7841-D4D2-46EE-B232-908AAAD3EDA5/data/Applications/DBB7143B-8487-4C21-A71C-B9F5309B8B27/HelloCordova.app/www/index.html
2015-05-04 11:43:57.969 HelloCordova[3786:70b] Multi-tasking -> Device: YES, App: YES
2015-05-04 11:43:57.982 HelloCordova[3786:70b] Unlimited access to network resources
2015-05-04 11:43:58.293 HelloCordova[3786:70b] [CDVTimer][keyboard] 0.063956ms
2015-05-04 11:43:58.294 HelloCordova[3786:70b] [CDVTimer][TotalPluginStartup] 0.499010ms
2015-05-04 11:43:58.422 HelloCordova[3786:70b] Resetting plugins due to page load.
2015-05-04 11:43:58.848 HelloCordova[3786:70b] Finished load of: file:///Users/raymondcamden/Library/Developer/CoreSimulator/Devices/AE3C7841-D4D2-46EE-B232-908AAAD3EDA5/data/Applications/DBB7143B-8487-4C21-A71C-B9F5309B8B27/HelloCordova.app/www/index.html
2015-05-04 12:28:26.759 HelloCordova[5648:70b] Multi-tasking -> Device: YES, App: YES
2015-05-04 12:28:26.775 HelloCordova[5648:70b] Unlimited access to network resources
2015-05-04 12:28:26.874 HelloCordova[5648:70b] [CDVTimer][keyboard] 0.054002ms
2015-05-04 12:28:26.874 HelloCordova[5648:70b] [CDVTimer][TotalPluginStartup] 0.367045ms
2015-05-04 12:28:26.986 HelloCordova[5648:70b] Resetting plugins due to page load.
2015-05-04 12:28:27.841 HelloCordova[5648:70b] Finished load of: file:///Users/raymondcamden/Library/Developer/CoreSimulator/Devices/AE3C7841-D4D2-46EE-B232-908AAAD3EDA5/data/Applications/DBB7143B-8487-4C21-A71C-B9F5309B8B27/HelloCordova.app/www/index.html
2015-05-13 10:40:42.417 HelloCordova[47236:70b] Multi-tasking -> Device: YES, App: YES
2015-05-13 10:40:42.422 HelloCordova[47236:70b] Unlimited access to network resources
2015-05-13 10:40:42.437 HelloCordova[47236:70b] [CDVTimer][keyboard] 0.052035ms
2015-05-13 10:40:42.438 HelloCordova[47236:70b] [CDVTimer][TotalPluginStartup] 0.443995ms
2015-05-13 10:40:42.514 HelloCordova[47236:70b] Resetting plugins due to page load.
2015-05-13 10:40:42.778 HelloCordova[47236:70b] Finished load of: file:///Users/raymondcamden/Library/Developer/CoreSimulator/Devices/AE3C7841-D4D2-46EE-B232-908AAAD3EDA5/data/Applications/DBB7143B-8487-4C21-A71C-B9F5309B8B27/HelloCordova.app/www/index.html
